#
# There is insufficient memory for the Java Runtime Environment to continue.
# Native memory allocation (mmap) failed to map 65011712 bytes for committing reserved memory.
# Possible reasons:
#   The system is out of physical RAM or swap space
#   The process is running with CompressedOops enabled, and the Java Heap may be blocking the growth of the native heap
# Possible solutions:
#   Reduce memory load on the system
#   Increase physical memory or swap space
#   Check if swap backing store is full
#   Decrease Java heap size (-Xmx/-Xms)
#   Decrease number of Java threads
#   Decrease Java thread stack sizes (-Xss)
#   Set larger code cache with -XX:ReservedCodeCacheSize=
# This output file may be truncated or incomplete.
#
#  Out of Memory Error (os_linux.cpp:2647), pid=12304, tid=12311
#
# JRE version:  (9.0+11) (build )
# Java VM: Java HotSpot(TM) 64-Bit Server VM (9.0.4+11, mixed mode, aot, tiered, compressed oops, g1 gc, linux-amd64)
# Core dump will be written. Default location: Core dumps may be processed with "/usr/share/apport/apport %p %s %c %d %P" (or dumping to /home/sophie/workspace/gameboj/core.12304)
#

---------------  S U M M A R Y ------------

Command Line: -ea -Dfile.encoding=UTF-8 org.eclipse.jdt.internal.junit.runner.RemoteTestRunner -version 3 -port 37385 -testLoaderClass org.eclipse.jdt.internal.junit5.runner.JUnit5TestLoader -loaderpluginname org.eclipse.jdt.junit5.runtime -classNames ch.epfl.gameboj.component.cpu.CpuTest1

Host: Intel(R) Core(TM) i5-4250U CPU @ 1.30GHz, 4 cores, 3G, Ubuntu 17.10
Time: Thu Mar 22 20:34:12 2018 CET elapsed time: 0 seconds (0d 0h 0m 0s)

---------------  T H R E A D  ---------------

Current thread (0x00007ff784013000):  JavaThread "Unknown thread" [_thread_in_vm, id=12311, stack(0x00007ff78c011000,0x00007ff78c111000)]

Stack: [0x00007ff78c011000,0x00007ff78c111000],  sp=0x00007ff78c10f270,  free space=1016k
Native frames: (J=compiled Java code, A=aot compiled Java code, j=interpreted, Vv=VM code, C=native code)
V  [libjvm.so+0xd4c6c2]  VMError::report_and_die(int, char const*, char const*, __va_list_tag*, Thread*, unsigned char*, void*, void*, char const*, int, unsigned long)+0x162
V  [libjvm.so+0xd4d32b]  VMError::report_and_die(Thread*, char const*, int, unsigned long, VMErrorType, char const*, __va_list_tag*)+0x2b
V  [libjvm.so+0x654ac8]  report_vm_out_of_memory(char const*, int, unsigned long, VMErrorType, char const*, ...)+0xd8
V  [libjvm.so+0xb68241]  os::pd_commit_memory_or_exit(char*, unsigned long, unsigned long, bool, char const*)+0x101
V  [libjvm.so+0xb628cd]  os::commit_memory_or_exit(char*, unsigned long, unsigned long, bool, char const*)+0x1d
V  [libjvm.so+0x763492]  G1PageBasedVirtualSpace::commit_preferred_pages(unsigned long, unsigned long)+0x62
V  [libjvm.so+0x7637ae]  G1PageBasedVirtualSpace::commit(unsigned long, unsigned long)+0x11e
V  [libjvm.so+0x766713]  G1RegionsLargerThanCommitSizeMapper::commit_regions(unsigned int, unsigned long, WorkGang*)+0x43
V  [libjvm.so+0x7f760c]  HeapRegionManager::commit_regions(unsigned int, unsigned long, WorkGang*)+0x7c
V  [libjvm.so+0x7f81d4]  HeapRegionManager::make_regions_available(unsigned int, unsigned int, WorkGang*)+0x34
V  [libjvm.so+0x7f86f1]  HeapRegionManager::expand_by(unsigned int, WorkGang*)+0x71
V  [libjvm.so+0x729a87]  G1CollectedHeap::expand(unsigned long, WorkGang*, double*)+0xd7
V  [libjvm.so+0x72c93a]  G1CollectedHeap::initialize()+0x6da
V  [libjvm.so+0xd0beff]  Universe::initialize_heap()+0x2f
V  [libjvm.so+0xd0c476]  universe_init()+0x46
V  [libjvm.so+0x80f267]  init_globals()+0x57
V  [libjvm.so+0xcede6e]  Threads::create_vm(JavaVMInitArgs*, bool*)+0x2ae
V  [libjvm.so+0x8adc4c]  JNI_CreateJavaVM+0x5c
C  [libjli.so+0x3a01]  JavaMain+0x81
C  [libpthread.so.0+0x77fc]  start_thread+0xdc


---------------  P R O C E S S  ---------------

Java Threads: ( => current thread )

Other Threads:
  0x00007ff78402a800 GCTaskThread "GC Thread#0" [stack: 0x00007ff78866d000,0x00007ff78876d000] [id=12313]
  0x00007ff78402c000 GCTaskThread "GC Thread#1" [stack: 0x00007ff78856c000,0x00007ff78866c000] [id=12314]
  0x00007ff78402e000 GCTaskThread "GC Thread#2" [stack: 0x00007ff78846b000,0x00007ff78856b000] [id=12315]
  0x00007ff78402f800 GCTaskThread "GC Thread#3" [stack: 0x00007ff78836a000,0x00007ff78846a000] [id=12316]
  0x00007ff78404e000 ConcurrentGCThread "G1 Main Marker" [stack: 0x00007ff768ca5000,0x00007ff768da5000] [id=12322]
  0x00007ff78404f800 ConcurrentGCThread "G1 Marker#0" [stack: 0x00007ff768ba4000,0x00007ff768ca4000] [id=12323]
  0x00007ff784037000 ConcurrentGCThread "G1 Refine#0" [stack: 0x00007ff76963f000,0x00007ff76973f000] [id=12320]
  0x00007ff784035000 ConcurrentGCThread "G1 Refine#1" [stack: 0x00007ff769740000,0x00007ff769840000] [id=12319]
  0x00007ff784033800 ConcurrentGCThread "G1 Refine#2" [stack: 0x00007ff769841000,0x00007ff769941000] [id=12318]
  0x00007ff784031800 ConcurrentGCThread "G1 Refine#3" [stack: 0x00007ff769942000,0x00007ff769a42000] [id=12317]
  0x00007ff784038800 ConcurrentGCThread "G1 Young RemSet Sampling" [stack: 0x00007ff76953e000,0x00007ff76963e000] [id=12321]

=>0x00007ff784013000 (exited) JavaThread "Unknown thread" [_thread_in_vm, id=12311, stack(0x00007ff78c011000,0x00007ff78c111000)]

Threads with active compile tasks:

VM state:not at safepoint (not fully initialized)

VM Mutex/Monitor currently owned by a thread:  ([mutex/lock_event])
[0x00007ff78400fb80] Heap_lock - owner thread: 0x00007ff784013000

Heap address: 0x00000000c3400000, size: 972 MB, Compressed Oops mode: Non-zero based: 0x00000000c3400000
Narrow klass base: 0x0000000000000000, Narrow klass shift: 0

GC Heap History (0 events):
No events

Deoptimization events (0 events):
No events

Classes redefined (0 events):
No events

Internal exceptions (0 events):
No events

Events (0 events):
No events


Dynamic libraries:
00400000-00401000 r-xp 00000000 08:03 788018                             /usr/lib/jvm/java-9-oracle/bin/java
00600000-00601000 rw-p 00000000 08:03 788018                             /usr/lib/jvm/java-9-oracle/bin/java
01a20000-01a41000 rw-p 00000000 00:00 0                                  [heap]
c7200000-100000000 ---p 00000000 00:00 0 
7ff734000000-7ff734021000 rw-p 00000000 00:00 0 
7ff734021000-7ff738000000 ---p 00000000 00:00 0 
7ff73c000000-7ff73c021000 rw-p 00000000 00:00 0 
7ff73c021000-7ff740000000 ---p 00000000 00:00 0 
7ff7401a0000-7ff7421a0000 rwxp 00000000 00:00 0 
7ff7421a0000-7ff744000000 ---p 00000000 00:00 0 
7ff744000000-7ff744021000 rw-p 00000000 00:00 0 
7ff744021000-7ff748000000 ---p 00000000 00:00 0 
7ff748000000-7ff748021000 rw-p 00000000 00:00 0 
7ff748021000-7ff74c000000 ---p 00000000 00:00 0 
7ff74c000000-7ff74c021000 rw-p 00000000 00:00 0 
7ff74c021000-7ff750000000 ---p 00000000 00:00 0 
7ff750000000-7ff750021000 rw-p 00000000 00:00 0 
7ff750021000-7ff754000000 ---p 00000000 00:00 0 
7ff754000000-7ff754021000 rw-p 00000000 00:00 0 
7ff754021000-7ff758000000 ---p 00000000 00:00 0 
7ff758000000-7ff758021000 rw-p 00000000 00:00 0 
7ff758021000-7ff75c000000 ---p 00000000 00:00 0 
7ff75c000000-7ff75c021000 rw-p 00000000 00:00 0 
7ff75c021000-7ff760000000 ---p 00000000 00:00 0 
7ff760000000-7ff760021000 rw-p 00000000 00:00 0 
7ff760021000-7ff764000000 ---p 00000000 00:00 0 
7ff764000000-7ff764021000 rw-p 00000000 00:00 0 
7ff764021000-7ff768000000 ---p 00000000 00:00 0 
7ff768471000-7ff768ba3000 rw-p 00000000 00:00 0 
7ff768ba3000-7ff768ba4000 ---p 00000000 00:00 0 
7ff768ba4000-7ff768ca4000 rw-p 00000000 00:00 0 
7ff768ca4000-7ff768ca5000 ---p 00000000 00:00 0 
7ff768ca5000-7ff768da5000 rw-p 00000000 00:00 0 
7ff768da5000-7ff76953d000 ---p 00000000 00:00 0 
7ff76953d000-7ff76953e000 ---p 00000000 00:00 0 
7ff76953e000-7ff76963e000 rw-p 00000000 00:00 0 
7ff76963e000-7ff76963f000 ---p 00000000 00:00 0 
7ff76963f000-7ff76973f000 rw-p 00000000 00:00 0 
7ff76973f000-7ff769740000 ---p 00000000 00:00 0 
7ff769740000-7ff769840000 rw-p 00000000 00:00 0 
7ff769840000-7ff769841000 ---p 00000000 00:00 0 
7ff769841000-7ff769941000 rw-p 00000000 00:00 0 
7ff769941000-7ff769942000 ---p 00000000 00:00 0 
7ff769942000-7ff769b43000 rw-p 00000000 00:00 0 
7ff769b43000-7ff769db3000 rwxp 00000000 00:00 0 
7ff769db3000-7ff76a0d3000 ---p 00000000 00:00 0 
7ff76a0d3000-7ff76a343000 rwxp 00000000 00:00 0 
7ff76a343000-7ff77160b000 ---p 00000000 00:00 0 
7ff77160b000-7ff77187b000 rwxp 00000000 00:00 0 
7ff77187b000-7ff778b43000 ---p 00000000 00:00 0 
7ff778b43000-7ff784000000 r--s 00000000 08:03 788132                     /usr/lib/jvm/java-9-oracle/lib/modules
7ff784000000-7ff784069000 rw-p 00000000 00:00 0 
7ff784069000-7ff788000000 ---p 00000000 00:00 0 
7ff788066000-7ff788369000 rw-p 00000000 00:00 0 
7ff788369000-7ff78836a000 ---p 00000000 00:00 0 
7ff78836a000-7ff78846a000 rw-p 00000000 00:00 0 
7ff78846a000-7ff78846b000 ---p 00000000 00:00 0 
7ff78846b000-7ff78856b000 rw-p 00000000 00:00 0 
7ff78856b000-7ff78856c000 ---p 00000000 00:00 0 
7ff78856c000-7ff78866c000 rw-p 00000000 00:00 0 
7ff78866c000-7ff78866d000 ---p 00000000 00:00 0 
7ff78866d000-7ff788772000 rw-p 00000000 00:00 0 
7ff788772000-7ff788858000 ---p 00000000 00:00 0 
7ff788858000-7ff78885d000 rw-p 00000000 00:00 0 
7ff78885d000-7ff788943000 ---p 00000000 00:00 0 
7ff788943000-7ff78895d000 r-xp 00000000 08:03 788069                     /usr/lib/jvm/java-9-oracle/lib/libjimage.so
7ff78895d000-7ff788b5c000 ---p 0001a000 08:03 788069                     /usr/lib/jvm/java-9-oracle/lib/libjimage.so
7ff788b5c000-7ff788b5e000 rw-p 00019000 08:03 788069                     /usr/lib/jvm/java-9-oracle/lib/libjimage.so
7ff788b5e000-7ff788b70000 rw-p 00000000 00:00 0 
7ff788b70000-7ff788b77000 r-xp 00000000 08:03 791964                     /usr/lib/jvm/java-9-oracle/lib/libzip.so
7ff788b77000-7ff788d76000 ---p 00007000 08:03 791964                     /usr/lib/jvm/java-9-oracle/lib/libzip.so
7ff788d76000-7ff788d77000 rw-p 00006000 08:03 791964                     /usr/lib/jvm/java-9-oracle/lib/libzip.so
7ff788d77000-7ff788d82000 r-xp 00000000 08:03 792091                     /lib/x86_64-linux-gnu/libnss_files-2.26.so
7ff788d82000-7ff788f81000 ---p 0000b000 08:03 792091                     /lib/x86_64-linux-gnu/libnss_files-2.26.so
7ff788f81000-7ff788f82000 r--p 0000a000 08:03 792091                     /lib/x86_64-linux-gnu/libnss_files-2.26.so
7ff788f82000-7ff788f83000 rw-p 0000b000 08:03 792091                     /lib/x86_64-linux-gnu/libnss_files-2.26.so
7ff788f83000-7ff788f89000 rw-p 00000000 00:00 0 
7ff788f89000-7ff788f94000 r-xp 00000000 08:03 792093                     /lib/x86_64-linux-gnu/libnss_nis-2.26.so
7ff788f94000-7ff789193000 ---p 0000b000 08:03 792093                     /lib/x86_64-linux-gnu/libnss_nis-2.26.so
7ff789193000-7ff789194000 r--p 0000a000 08:03 792093                     /lib/x86_64-linux-gnu/libnss_nis-2.26.so
7ff789194000-7ff789195000 rw-p 0000b000 08:03 792093                     /lib/x86_64-linux-gnu/libnss_nis-2.26.so
7ff789195000-7ff7891ac000 r-xp 00000000 08:03 792040                     /lib/x86_64-linux-gnu/libnsl-2.26.so
7ff7891ac000-7ff7893ab000 ---p 00017000 08:03 792040                     /lib/x86_64-linux-gnu/libnsl-2.26.so
7ff7893ab000-7ff7893ac000 r--p 00016000 08:03 792040                     /lib/x86_64-linux-gnu/libnsl-2.26.so
7ff7893ac000-7ff7893ad000 rw-p 00017000 08:03 792040                     /lib/x86_64-linux-gnu/libnsl-2.26.so
7ff7893ad000-7ff7893af000 rw-p 00000000 00:00 0 
7ff7893af000-7ff7893b7000 r-xp 00000000 08:03 792089                     /lib/x86_64-linux-gnu/libnss_compat-2.26.so
7ff7893b7000-7ff7895b6000 ---p 00008000 08:03 792089                     /lib/x86_64-linux-gnu/libnss_compat-2.26.so
7ff7895b6000-7ff7895b7000 r--p 00007000 08:03 792089                     /lib/x86_64-linux-gnu/libnss_compat-2.26.so
7ff7895b7000-7ff7895b8000 rw-p 00008000 08:03 792089                     /lib/x86_64-linux-gnu/libnss_compat-2.26.so
7ff7895b8000-7ff7895e3000 r-xp 00000000 08:03 788086                     /usr/lib/jvm/java-9-oracle/lib/libjava.so
7ff7895e3000-7ff7897e2000 ---p 0002b000 08:03 788086                     /usr/lib/jvm/java-9-oracle/lib/libjava.so
7ff7897e2000-7ff7897e4000 rw-p 0002a000 08:03 788086                     /usr/lib/jvm/java-9-oracle/lib/libjava.so
7ff7897e4000-7ff7897f1000 r-xp 00000000 08:03 788105                     /usr/lib/jvm/java-9-oracle/lib/libverify.so
7ff7897f1000-7ff7899f0000 ---p 0000d000 08:03 788105                     /usr/lib/jvm/java-9-oracle/lib/libverify.so
7ff7899f0000-7ff7899f2000 rw-p 0000c000 08:03 788105                     /usr/lib/jvm/java-9-oracle/lib/libverify.so
7ff7899f2000-7ff7899f9000 r-xp 00000000 08:03 792099                     /lib/x86_64-linux-gnu/librt-2.26.so
7ff7899f9000-7ff789bf8000 ---p 00007000 08:03 792099                     /lib/x86_64-linux-gnu/librt-2.26.so
7ff789bf8000-7ff789bf9000 r--p 00006000 08:03 792099                     /lib/x86_64-linux-gnu/librt-2.26.so
7ff789bf9000-7ff789bfa000 rw-p 00007000 08:03 792099                     /lib/x86_64-linux-gnu/librt-2.26.so
7ff789bfa000-7ff789d4f000 r-xp 00000000 08:03 792014                     /lib/x86_64-linux-gnu/libm-2.26.so
7ff789d4f000-7ff789f4e000 ---p 00155000 08:03 792014                     /lib/x86_64-linux-gnu/libm-2.26.so
7ff789f4e000-7ff789f4f000 r--p 00154000 08:03 792014                     /lib/x86_64-linux-gnu/libm-2.26.so
7ff789f4f000-7ff789f50000 rw-p 00155000 08:03 792014                     /lib/x86_64-linux-gnu/libm-2.26.so
7ff789f50000-7ff78af65000 r-xp 00000000 08:03 933890                     /usr/lib/jvm/java-9-oracle/lib/server/libjvm.so
7ff78af65000-7ff78b164000 ---p 01015000 08:03 933890                     /usr/lib/jvm/java-9-oracle/lib/server/libjvm.so
7ff78b164000-7ff78b235000 r--p 01014000 08:03 933890                     /usr/lib/jvm/java-9-oracle/lib/server/libjvm.so
7ff78b235000-7ff78b26c000 rw-p 010e5000 08:03 933890                     /usr/lib/jvm/java-9-oracle/lib/server/libjvm.so
7ff78b26c000-7ff78b2d5000 rw-p 00000000 00:00 0 
7ff78b2d5000-7ff78b4ab000 r-xp 00000000 08:03 791943                     /lib/x86_64-linux-gnu/libc-2.26.so
7ff78b4ab000-7ff78b6ab000 ---p 001d6000 08:03 791943                     /lib/x86_64-linux-gnu/libc-2.26.so
7ff78b6ab000-7ff78b6af000 r--p 001d6000 08:03 791943                     /lib/x86_64-linux-gnu/libc-2.26.so
7ff78b6af000-7ff78b6b1000 rw-p 001da000 08:03 791943                     /lib/x86_64-linux-gnu/libc-2.26.so
7ff78b6b1000-7ff78b6b5000 rw-p 00000000 00:00 0 
7ff78b6b5000-7ff78b6b8000 r-xp 00000000 08:03 791959                     /lib/x86_64-linux-gnu/libdl-2.26.so
7ff78b6b8000-7ff78b8b7000 ---p 00003000 08:03 791959                     /lib/x86_64-linux-gnu/libdl-2.26.so
7ff78b8b7000-7ff78b8b8000 r--p 00002000 08:03 791959                     /lib/x86_64-linux-gnu/libdl-2.26.so
7ff78b8b8000-7ff78b8b9000 rw-p 00003000 08:03 791959                     /lib/x86_64-linux-gnu/libdl-2.26.so
7ff78b8b9000-7ff78b8c7000 r-xp 00000000 08:03 933892                     /usr/lib/jvm/java-9-oracle/lib/jli/libjli.so
7ff78b8c7000-7ff78bac7000 ---p 0000e000 08:03 933892                     /usr/lib/jvm/java-9-oracle/lib/jli/libjli.so
7ff78bac7000-7ff78bac8000 rw-p 0000e000 08:03 933892                     /usr/lib/jvm/java-9-oracle/lib/jli/libjli.so
7ff78bac8000-7ff78bae2000 r-xp 00000000 08:03 792097                     /lib/x86_64-linux-gnu/libpthread-2.26.so
7ff78bae2000-7ff78bce1000 ---p 0001a000 08:03 792097                     /lib/x86_64-linux-gnu/libpthread-2.26.so
7ff78bce1000-7ff78bce2000 r--p 00019000 08:03 792097                     /lib/x86_64-linux-gnu/libpthread-2.26.so
7ff78bce2000-7ff78bce3000 rw-p 0001a000 08:03 792097                     /lib/x86_64-linux-gnu/libpthread-2.26.so
7ff78bce3000-7ff78bce7000 rw-p 00000000 00:00 0 
7ff78bce7000-7ff78bd03000 r-xp 00000000 08:03 792077                     /lib/x86_64-linux-gnu/libz.so.1.2.11
7ff78bd03000-7ff78bf02000 ---p 0001c000 08:03 792077                     /lib/x86_64-linux-gnu/libz.so.1.2.11
7ff78bf02000-7ff78bf03000 r--p 0001b000 08:03 792077                     /lib/x86_64-linux-gnu/libz.so.1.2.11
7ff78bf03000-7ff78bf04000 rw-p 0001c000 08:03 792077                     /lib/x86_64-linux-gnu/libz.so.1.2.11
7ff78bf04000-7ff78bf2b000 r-xp 00000000 08:03 791917                     /lib/x86_64-linux-gnu/ld-2.26.so
7ff78bfb1000-7ff78c010000 rw-p 00000000 00:00 0 
7ff78c010000-7ff78c011000 ---p 00000000 00:00 0 
7ff78c011000-7ff78c015000 ---p 00000000 00:00 0 
7ff78c015000-7ff78c11a000 rw-p 00000000 00:00 0 
7ff78c11a000-7ff78c121000 ---p 00000000 00:00 0 
7ff78c121000-7ff78c129000 rw-s 00000000 08:03 526844                     /tmp/hsperfdata_sophie/12304
7ff78c129000-7ff78c12a000 rw-p 00000000 00:00 0 
7ff78c12a000-7ff78c12b000 r--p 00000000 00:00 0 
7ff78c12b000-7ff78c12c000 r--p 00027000 08:03 791917                     /lib/x86_64-linux-gnu/ld-2.26.so
7ff78c12c000-7ff78c12d000 rw-p 00028000 08:03 791917                     /lib/x86_64-linux-gnu/ld-2.26.so
7ff78c12d000-7ff78c12e000 rw-p 00000000 00:00 0 
7ffd6759f000-7ffd675c1000 rw-p 00000000 00:00 0                          [stack]
7ffd675d2000-7ffd675d5000 r--p 00000000 00:00 0                          [vvar]
7ffd675d5000-7ffd675d7000 r-xp 00000000 00:00 0                          [vdso]
ffffffffff600000-ffffffffff601000 r-xp 00000000 00:00 0                  [vsyscall]

VM Arguments:
jvm_args: -ea -Dfile.encoding=UTF-8 
java_command: org.eclipse.jdt.internal.junit.runner.RemoteTestRunner -version 3 -port 37385 -testLoaderClass org.eclipse.jdt.internal.junit5.runner.JUnit5TestLoader -loaderpluginname org.eclipse.jdt.junit5.runtime -classNames ch.epfl.gameboj.component.cpu.CpuTest1
java_class_path (initial): /home/sophie/workspace/gameboj/bin:/usr/lib/eclipse/plugins/org.junit.jupiter.api_5.0.0.v20170910-2246.jar:/usr/lib/eclipse/plugins/org.junit.jupiter.engine_5.0.0.v20170910-2246.jar:/usr/lib/eclipse/plugins/org.junit.jupiter.migrationsupport_5.0.0.v20170910-2246.jar:/usr/lib/eclipse/plugins/org.junit.jupiter.params_5.0.0.v20170910-2246.jar:/usr/lib/eclipse/plugins/org.junit.platform.commons_1.0.0.v20170910-2246.jar:/usr/lib/eclipse/plugins/org.junit.platform.engine_1.0.0.v20170910-2246.jar:/usr/lib/eclipse/plugins/org.junit.platform.launcher_1.0.0.v20170910-2246.jar:/usr/lib/eclipse/plugins/org.junit.platform.runner_1.0.0.v20170910-2246.jar:/usr/lib/eclipse/plugins/org.junit.platform.suite.api_1.0.0.v20170910-2246.jar:/usr/lib/eclipse/plugins/org.junit.vintage.engine_4.12.0.v20170910-2246.jar:/usr/lib/eclipse/plugins/org.opentest4j_1.0.0.v20170910-2246.jar:/usr/lib/eclipse/plugins/org.apiguardian_1.0.0.v20170910-2246.jar:/usr/lib/eclipse/plugins/org.junit_4.12.0.v201504281640/junit.jar:/usr/lib/eclipse/plugins/org.hamcrest.core_1.3.0.v201303031735.jar:/usr/lib/eclipse/configuration/org.eclipse.osgi/226/0/.cp:/usr/lib/eclipse/configuration/org.eclipse.osgi/224/0/.cp
Launcher Type: SUN_STANDARD

Logging:
Log output configuration:
#0: stdout all=warning uptime,level,tags
#1: stderr all=off uptime,level,tags

Environment Variables:
JAVA_HOME=/usr/lib/jvm/java-9-oracle
PATH=/usr/local/sbin:/usr/local/bin:/usr/sbin:/usr/bin:/sbin:/bin:/usr/games:/usr/local/games:/snap/bin:/usr/lib/jvm/java-9-oracle/bin:/usr/lib/jvm/java-9-oracle/db/bin
USERNAME=sophie
SHELL=/bin/bash
DISPLAY=:0

Signal Handlers:
SIGSEGV: [libjvm.so+0xd4d370], sa_mask[0]=11111111011111111101111111111110, sa_flags=SA_RESTART|SA_SIGINFO
SIGBUS: [libjvm.so+0xd4d370], sa_mask[0]=11111111011111111101111111111110, sa_flags=SA_RESTART|SA_SIGINFO
SIGFPE: [libjvm.so+0xd4d370], sa_mask[0]=11111111011111111101111111111110, sa_flags=SA_RESTART|SA_SIGINFO
SIGPIPE: [libjvm.so+0xb64780], sa_mask[0]=11111111011111111101111111111110, sa_flags=SA_RESTART|SA_SIGINFO
SIGXFSZ: [libjvm.so+0xb64780], sa_mask[0]=11111111011111111101111111111110, sa_flags=SA_RESTART|SA_SIGINFO
SIGILL: [libjvm.so+0xd4d370], sa_mask[0]=11111111011111111101111111111110, sa_flags=SA_RESTART|SA_SIGINFO
SIGUSR2: [libjvm.so+0xb64640], sa_mask[0]=00100000000000000000000000000000, sa_flags=SA_RESTART|SA_SIGINFO
SIGHUP: SIG_DFL, sa_mask[0]=00000000000000000000000000000000, sa_flags=none
SIGINT: SIG_DFL, sa_mask[0]=00000000000000000000000000000000, sa_flags=none
SIGTERM: SIG_DFL, sa_mask[0]=00000000000000000000000000000000, sa_flags=none
SIGQUIT: SIG_DFL, sa_mask[0]=00000000000000000000000000000000, sa_flags=none


---------------  S Y S T E M  ---------------

OS:DISTRIB_ID=Ubuntu
DISTRIB_RELEASE=17.10
DISTRIB_CODENAME=artful
DISTRIB_DESCRIPTION="Ubuntu 17.10"
uname:Linux 4.13.0-37-generic #42-Ubuntu SMP Wed Mar 7 14:13:23 UTC 2018 x86_64
libc:glibc 2.26 NPTL 2.26 
rlimit: STACK 8192k, CORE 0k, NPROC 14609, NOFILE 4096, AS infinity
load average:1.49 1.86 1.92

/proc/meminfo:
MemTotal:        3979252 kB
MemFree:           97044 kB
MemAvailable:      17712 kB
Buffers:            4344 kB
Cached:           227736 kB
SwapCached:         1212 kB
Active:          3054776 kB
Inactive:         632420 kB
Active(anon):    3024260 kB
Inactive(anon):   604260 kB
Active(file):      30516 kB
Inactive(file):    28160 kB
Unevictable:          48 kB
Mlocked:              48 kB
SwapTotal:       1410200 kB
SwapFree:              0 kB
Dirty:               252 kB
Writeback:             0 kB
AnonPages:       3454152 kB
Mapped:            71592 kB
Shmem:            173672 kB
Slab:              75352 kB
SReclaimable:      29448 kB
SUnreclaim:        45904 kB
KernelStack:       13840 kB
PageTables:        61252 kB
NFS_Unstable:          0 kB
Bounce:                0 kB
WritebackTmp:          0 kB
CommitLimit:     3399824 kB
Committed_AS:    9387260 kB
VmallocTotal:   34359738367 kB
VmallocUsed:           0 kB
VmallocChunk:          0 kB
HardwareCorrupted:     0 kB
AnonHugePages:         0 kB
ShmemHugePages:        0 kB
ShmemPmdMapped:        0 kB
CmaTotal:              0 kB
CmaFree:               0 kB
HugePages_Total:       0
HugePages_Free:        0
HugePages_Rsvd:        0
HugePages_Surp:        0
Hugepagesize:       2048 kB
DirectMap4k:      141980 kB
DirectMap2M:     3991552 kB
DirectMap1G:           0 kB


CPU:total 4 (initial active 4) (2 cores per cpu, 2 threads per core) family 6 model 69 stepping 1, cmov, cx8, fxsr, mmx, sse, sse2, sse3, ssse3, sse4.1, sse4.2, popcnt, avx, avx2, aes, clmul, erms, lzcnt, ht, tsc, tscinvbit, bmi1, bmi2, fma
CPU Model and flags from /proc/cpuinfo:
model name	: Intel(R) Core(TM) i5-4250U CPU @ 1.30GHz
flags		: fpu vme de pse tsc msr pae mce cx8 apic sep mtrr pge mca cmov pat pse36 clflush dts acpi mmx fxsr sse sse2 ss ht tm pbe syscall nx pdpe1gb rdtscp lm constant_tsc arch_perfmon pebs bts rep_good nopl xtopology nonstop_tsc cpuid aperfmperf pni pclmulqdq dtes64 monitor ds_cpl vmx est tm2 ssse3 sdbg fma cx16 xtpr pdcm pcid sse4_1 sse4_2 x2apic movbe popcnt tsc_deadline_timer aes xsave avx f16c rdrand lahf_lm abm cpuid_fault epb invpcid_single pti retpoline tpr_shadow vnmi flexpriority ept vpid fsgsbase tsc_adjust bmi1 avx2 smep bmi2 erms invpcid xsaveopt dtherm ida arat pln pts

Memory: 4k page, physical 3979252k(97044k free), swap 1410200k(0k free)

vm_info: Java HotSpot(TM) 64-Bit Server VM (9.0.4+11) for linux-amd64 JRE (9.0.4+11), built on Dec 19 2017 18:12:19 by "mach5one" with gcc 4.9.2

END.
