#
# There is insufficient memory for the Java Runtime Environment to continue.
# Native memory allocation (mmap) failed to map 65011712 bytes for committing reserved memory.
# Possible reasons:
#   The system is out of physical RAM or swap space
#   The process is running with CompressedOops enabled, and the Java Heap may be blocking the growth of the native heap
# Possible solutions:
#   Reduce memory load on the system
#   Increase physical memory or swap space
#   Check if swap backing store is full
#   Decrease Java heap size (-Xmx/-Xms)
#   Decrease number of Java threads
#   Decrease Java thread stack sizes (-Xss)
#   Set larger code cache with -XX:ReservedCodeCacheSize=
# This output file may be truncated or incomplete.
#
#  Out of Memory Error (os_linux.cpp:2647), pid=15322, tid=15329
#
# JRE version:  (9.0+11) (build )
# Java VM: Java HotSpot(TM) 64-Bit Server VM (9.0.4+11, mixed mode, aot, tiered, compressed oops, g1 gc, linux-amd64)
# Core dump will be written. Default location: Core dumps may be processed with "/usr/share/apport/apport %p %s %c %d %P" (or dumping to /home/sophie/workspace/gameboj/core.15322)
#

---------------  S U M M A R Y ------------

Command Line: -ea -Dfile.encoding=UTF-8 org.eclipse.jdt.internal.junit.runner.RemoteTestRunner -version 3 -port 40827 -testLoaderClass org.eclipse.jdt.internal.junit5.runner.JUnit5TestLoader -loaderpluginname org.eclipse.jdt.junit5.runtime -classNames ch.epfl.gameboj.component.cpu.CpuTest1

Host: Intel(R) Core(TM) i5-4250U CPU @ 1.30GHz, 4 cores, 3G, Ubuntu 17.10
Time: Thu Mar 15 20:03:26 2018 CET elapsed time: 0 seconds (0d 0h 0m 0s)

---------------  T H R E A D  ---------------

Current thread (0x00007f5a7c013000):  JavaThread "Unknown thread" [_thread_in_vm, id=15329, stack(0x00007f5a847dd000,0x00007f5a848dd000)]

Stack: [0x00007f5a847dd000,0x00007f5a848dd000],  sp=0x00007f5a848db270,  free space=1016k
Native frames: (J=compiled Java code, A=aot compiled Java code, j=interpreted, Vv=VM code, C=native code)
V  [libjvm.so+0xd4c6c2]  VMError::report_and_die(int, char const*, char const*, __va_list_tag*, Thread*, unsigned char*, void*, void*, char const*, int, unsigned long)+0x162
V  [libjvm.so+0xd4d32b]  VMError::report_and_die(Thread*, char const*, int, unsigned long, VMErrorType, char const*, __va_list_tag*)+0x2b
V  [libjvm.so+0x654ac8]  report_vm_out_of_memory(char const*, int, unsigned long, VMErrorType, char const*, ...)+0xd8
V  [libjvm.so+0xb68241]  os::pd_commit_memory_or_exit(char*, unsigned long, unsigned long, bool, char const*)+0x101
V  [libjvm.so+0xb628cd]  os::commit_memory_or_exit(char*, unsigned long, unsigned long, bool, char const*)+0x1d
V  [libjvm.so+0x763492]  G1PageBasedVirtualSpace::commit_preferred_pages(unsigned long, unsigned long)+0x62
V  [libjvm.so+0x7637ae]  G1PageBasedVirtualSpace::commit(unsigned long, unsigned long)+0x11e
V  [libjvm.so+0x766713]  G1RegionsLargerThanCommitSizeMapper::commit_regions(unsigned int, unsigned long, WorkGang*)+0x43
V  [libjvm.so+0x7f760c]  HeapRegionManager::commit_regions(unsigned int, unsigned long, WorkGang*)+0x7c
V  [libjvm.so+0x7f81d4]  HeapRegionManager::make_regions_available(unsigned int, unsigned int, WorkGang*)+0x34
V  [libjvm.so+0x7f86f1]  HeapRegionManager::expand_by(unsigned int, WorkGang*)+0x71
V  [libjvm.so+0x729a87]  G1CollectedHeap::expand(unsigned long, WorkGang*, double*)+0xd7
V  [libjvm.so+0x72c93a]  G1CollectedHeap::initialize()+0x6da
V  [libjvm.so+0xd0beff]  Universe::initialize_heap()+0x2f
V  [libjvm.so+0xd0c476]  universe_init()+0x46
V  [libjvm.so+0x80f267]  init_globals()+0x57
V  [libjvm.so+0xcede6e]  Threads::create_vm(JavaVMInitArgs*, bool*)+0x2ae
V  [libjvm.so+0x8adc4c]  JNI_CreateJavaVM+0x5c
C  [libjli.so+0x3a01]  JavaMain+0x81
C  [libpthread.so.0+0x77fc]  start_thread+0xdc


---------------  P R O C E S S  ---------------

Java Threads: ( => current thread )

Other Threads:
  0x00007f5a7c02a800 GCTaskThread "GC Thread#0" [stack: 0x00007f5a80e39000,0x00007f5a80f39000] [id=15330]
  0x00007f5a7c02c000 GCTaskThread "GC Thread#1" [stack: 0x00007f5a80d38000,0x00007f5a80e38000] [id=15331]
  0x00007f5a7c02e000 GCTaskThread "GC Thread#2" [stack: 0x00007f5a80c37000,0x00007f5a80d37000] [id=15332]
  0x00007f5a7c02f800 GCTaskThread "GC Thread#3" [stack: 0x00007f5a80b36000,0x00007f5a80c36000] [id=15333]
  0x00007f5a7c04e000 ConcurrentGCThread "G1 Main Marker" [stack: 0x00007f5a60561000,0x00007f5a60661000] [id=15339]
  0x00007f5a7c04f800 ConcurrentGCThread "G1 Marker#0" [stack: 0x00007f5a60460000,0x00007f5a60560000] [id=15340]
  0x00007f5a7c037000 ConcurrentGCThread "G1 Refine#0" [stack: 0x00007f5a8032e000,0x00007f5a8042e000] [id=15337]
  0x00007f5a7c035000 ConcurrentGCThread "G1 Refine#1" [stack: 0x00007f5a8042f000,0x00007f5a8052f000] [id=15336]
  0x00007f5a7c033800 ConcurrentGCThread "G1 Refine#2" [stack: 0x00007f5a80530000,0x00007f5a80630000] [id=15335]
  0x00007f5a7c031800 ConcurrentGCThread "G1 Refine#3" [stack: 0x00007f5a80631000,0x00007f5a80731000] [id=15334]
  0x00007f5a7c038800 ConcurrentGCThread "G1 Young RemSet Sampling" [stack: 0x00007f5a8022d000,0x00007f5a8032d000] [id=15338]

=>0x00007f5a7c013000 (exited) JavaThread "Unknown thread" [_thread_in_vm, id=15329, stack(0x00007f5a847dd000,0x00007f5a848dd000)]

Threads with active compile tasks:

VM state:not at safepoint (not fully initialized)

VM Mutex/Monitor currently owned by a thread:  ([mutex/lock_event])
[0x00007f5a7c00fb80] Heap_lock - owner thread: 0x00007f5a7c013000

Heap address: 0x00000000c3400000, size: 972 MB, Compressed Oops mode: Non-zero based: 0x00000000c3400000
Narrow klass base: 0x0000000000000000, Narrow klass shift: 0

GC Heap History (0 events):
No events

Deoptimization events (0 events):
No events

Classes redefined (0 events):
No events

Internal exceptions (0 events):
No events

Events (0 events):
No events


Dynamic libraries:
00400000-00401000 r-xp 00000000 08:03 788018                             /usr/lib/jvm/java-9-oracle/bin/java
00600000-00601000 rw-p 00000000 08:03 788018                             /usr/lib/jvm/java-9-oracle/bin/java
02274000-02295000 rw-p 00000000 00:00 0                                  [heap]
c7200000-100000000 ---p 00000000 00:00 0 
7f5a2c000000-7f5a2c021000 rw-p 00000000 00:00 0 
7f5a2c021000-7f5a30000000 ---p 00000000 00:00 0 
7f5a34000000-7f5a34021000 rw-p 00000000 00:00 0 
7f5a34021000-7f5a38000000 ---p 00000000 00:00 0 
7f5a38da2000-7f5a390d0000 rw-p 00000000 00:00 0 
7f5a390d0000-7f5a3b0d0000 rwxp 00000000 00:00 0 
7f5a3b0d0000-7f5a3c000000 ---p 00000000 00:00 0 
7f5a3c000000-7f5a3c021000 rw-p 00000000 00:00 0 
7f5a3c021000-7f5a40000000 ---p 00000000 00:00 0 
7f5a40000000-7f5a40021000 rw-p 00000000 00:00 0 
7f5a40021000-7f5a44000000 ---p 00000000 00:00 0 
7f5a44000000-7f5a44021000 rw-p 00000000 00:00 0 
7f5a44021000-7f5a48000000 ---p 00000000 00:00 0 
7f5a48000000-7f5a48021000 rw-p 00000000 00:00 0 
7f5a48021000-7f5a4c000000 ---p 00000000 00:00 0 
7f5a4c000000-7f5a4c021000 rw-p 00000000 00:00 0 
7f5a4c021000-7f5a50000000 ---p 00000000 00:00 0 
7f5a50000000-7f5a50021000 rw-p 00000000 00:00 0 
7f5a50021000-7f5a54000000 ---p 00000000 00:00 0 
7f5a54000000-7f5a54021000 rw-p 00000000 00:00 0 
7f5a54021000-7f5a58000000 ---p 00000000 00:00 0 
7f5a58000000-7f5a58021000 rw-p 00000000 00:00 0 
7f5a58021000-7f5a5c000000 ---p 00000000 00:00 0 
7f5a5c000000-7f5a5c021000 rw-p 00000000 00:00 0 
7f5a5c021000-7f5a60000000 ---p 00000000 00:00 0 
7f5a6005b000-7f5a6045f000 rw-p 00000000 00:00 0 
7f5a6045f000-7f5a60460000 ---p 00000000 00:00 0 
7f5a60460000-7f5a60560000 rw-p 00000000 00:00 0 
7f5a60560000-7f5a60561000 ---p 00000000 00:00 0 
7f5a60561000-7f5a60661000 rw-p 00000000 00:00 0 
7f5a60661000-7f5a61b43000 ---p 00000000 00:00 0 
7f5a61b43000-7f5a61db3000 rwxp 00000000 00:00 0 
7f5a61db3000-7f5a620d3000 ---p 00000000 00:00 0 
7f5a620d3000-7f5a62343000 rwxp 00000000 00:00 0 
7f5a62343000-7f5a6960b000 ---p 00000000 00:00 0 
7f5a6960b000-7f5a6987b000 rwxp 00000000 00:00 0 
7f5a6987b000-7f5a70b43000 ---p 00000000 00:00 0 
7f5a70b43000-7f5a7c000000 r--s 00000000 08:03 788132                     /usr/lib/jvm/java-9-oracle/lib/modules
7f5a7c000000-7f5a7c069000 rw-p 00000000 00:00 0 
7f5a7c069000-7f5a80000000 ---p 00000000 00:00 0 
7f5a80046000-7f5a8022c000 ---p 00000000 00:00 0 
7f5a8022c000-7f5a8022d000 ---p 00000000 00:00 0 
7f5a8022d000-7f5a8032d000 rw-p 00000000 00:00 0 
7f5a8032d000-7f5a8032e000 ---p 00000000 00:00 0 
7f5a8032e000-7f5a8042e000 rw-p 00000000 00:00 0 
7f5a8042e000-7f5a8042f000 ---p 00000000 00:00 0 
7f5a8042f000-7f5a8052f000 rw-p 00000000 00:00 0 
7f5a8052f000-7f5a80530000 ---p 00000000 00:00 0 
7f5a80530000-7f5a80630000 rw-p 00000000 00:00 0 
7f5a80630000-7f5a80631000 ---p 00000000 00:00 0 
7f5a80631000-7f5a80b35000 rw-p 00000000 00:00 0 
7f5a80b35000-7f5a80b36000 ---p 00000000 00:00 0 
7f5a80b36000-7f5a80c36000 rw-p 00000000 00:00 0 
7f5a80c36000-7f5a80c37000 ---p 00000000 00:00 0 
7f5a80c37000-7f5a80d37000 rw-p 00000000 00:00 0 
7f5a80d37000-7f5a80d38000 ---p 00000000 00:00 0 
7f5a80d38000-7f5a80e38000 rw-p 00000000 00:00 0 
7f5a80e38000-7f5a80e39000 ---p 00000000 00:00 0 
7f5a80e39000-7f5a80f3e000 rw-p 00000000 00:00 0 
7f5a80f3e000-7f5a81024000 ---p 00000000 00:00 0 
7f5a81024000-7f5a81029000 rw-p 00000000 00:00 0 
7f5a81029000-7f5a8110f000 ---p 00000000 00:00 0 
7f5a8110f000-7f5a81129000 r-xp 00000000 08:03 788069                     /usr/lib/jvm/java-9-oracle/lib/libjimage.so
7f5a81129000-7f5a81328000 ---p 0001a000 08:03 788069                     /usr/lib/jvm/java-9-oracle/lib/libjimage.so
7f5a81328000-7f5a8132a000 rw-p 00019000 08:03 788069                     /usr/lib/jvm/java-9-oracle/lib/libjimage.so
7f5a8132a000-7f5a8133c000 rw-p 00000000 00:00 0 
7f5a8133c000-7f5a81343000 r-xp 00000000 08:03 791964                     /usr/lib/jvm/java-9-oracle/lib/libzip.so
7f5a81343000-7f5a81542000 ---p 00007000 08:03 791964                     /usr/lib/jvm/java-9-oracle/lib/libzip.so
7f5a81542000-7f5a81543000 rw-p 00006000 08:03 791964                     /usr/lib/jvm/java-9-oracle/lib/libzip.so
7f5a81543000-7f5a8154e000 r-xp 00000000 08:03 792091                     /lib/x86_64-linux-gnu/libnss_files-2.26.so
7f5a8154e000-7f5a8174d000 ---p 0000b000 08:03 792091                     /lib/x86_64-linux-gnu/libnss_files-2.26.so
7f5a8174d000-7f5a8174e000 r--p 0000a000 08:03 792091                     /lib/x86_64-linux-gnu/libnss_files-2.26.so
7f5a8174e000-7f5a8174f000 rw-p 0000b000 08:03 792091                     /lib/x86_64-linux-gnu/libnss_files-2.26.so
7f5a8174f000-7f5a81755000 rw-p 00000000 00:00 0 
7f5a81755000-7f5a81760000 r-xp 00000000 08:03 792093                     /lib/x86_64-linux-gnu/libnss_nis-2.26.so
7f5a81760000-7f5a8195f000 ---p 0000b000 08:03 792093                     /lib/x86_64-linux-gnu/libnss_nis-2.26.so
7f5a8195f000-7f5a81960000 r--p 0000a000 08:03 792093                     /lib/x86_64-linux-gnu/libnss_nis-2.26.so
7f5a81960000-7f5a81961000 rw-p 0000b000 08:03 792093                     /lib/x86_64-linux-gnu/libnss_nis-2.26.so
7f5a81961000-7f5a81978000 r-xp 00000000 08:03 792040                     /lib/x86_64-linux-gnu/libnsl-2.26.so
7f5a81978000-7f5a81b77000 ---p 00017000 08:03 792040                     /lib/x86_64-linux-gnu/libnsl-2.26.so
7f5a81b77000-7f5a81b78000 r--p 00016000 08:03 792040                     /lib/x86_64-linux-gnu/libnsl-2.26.so
7f5a81b78000-7f5a81b79000 rw-p 00017000 08:03 792040                     /lib/x86_64-linux-gnu/libnsl-2.26.so
7f5a81b79000-7f5a81b7b000 rw-p 00000000 00:00 0 
7f5a81b7b000-7f5a81b83000 r-xp 00000000 08:03 792089                     /lib/x86_64-linux-gnu/libnss_compat-2.26.so
7f5a81b83000-7f5a81d82000 ---p 00008000 08:03 792089                     /lib/x86_64-linux-gnu/libnss_compat-2.26.so
7f5a81d82000-7f5a81d83000 r--p 00007000 08:03 792089                     /lib/x86_64-linux-gnu/libnss_compat-2.26.so
7f5a81d83000-7f5a81d84000 rw-p 00008000 08:03 792089                     /lib/x86_64-linux-gnu/libnss_compat-2.26.so
7f5a81d84000-7f5a81daf000 r-xp 00000000 08:03 788086                     /usr/lib/jvm/java-9-oracle/lib/libjava.so
7f5a81daf000-7f5a81fae000 ---p 0002b000 08:03 788086                     /usr/lib/jvm/java-9-oracle/lib/libjava.so
7f5a81fae000-7f5a81fb0000 rw-p 0002a000 08:03 788086                     /usr/lib/jvm/java-9-oracle/lib/libjava.so
7f5a81fb0000-7f5a81fbd000 r-xp 00000000 08:03 788105                     /usr/lib/jvm/java-9-oracle/lib/libverify.so
7f5a81fbd000-7f5a821bc000 ---p 0000d000 08:03 788105                     /usr/lib/jvm/java-9-oracle/lib/libverify.so
7f5a821bc000-7f5a821be000 rw-p 0000c000 08:03 788105                     /usr/lib/jvm/java-9-oracle/lib/libverify.so
7f5a821be000-7f5a821c5000 r-xp 00000000 08:03 792099                     /lib/x86_64-linux-gnu/librt-2.26.so
7f5a821c5000-7f5a823c4000 ---p 00007000 08:03 792099                     /lib/x86_64-linux-gnu/librt-2.26.so
7f5a823c4000-7f5a823c5000 r--p 00006000 08:03 792099                     /lib/x86_64-linux-gnu/librt-2.26.so
7f5a823c5000-7f5a823c6000 rw-p 00007000 08:03 792099                     /lib/x86_64-linux-gnu/librt-2.26.so
7f5a823c6000-7f5a8251b000 r-xp 00000000 08:03 792014                     /lib/x86_64-linux-gnu/libm-2.26.so
7f5a8251b000-7f5a8271a000 ---p 00155000 08:03 792014                     /lib/x86_64-linux-gnu/libm-2.26.so
7f5a8271a000-7f5a8271b000 r--p 00154000 08:03 792014                     /lib/x86_64-linux-gnu/libm-2.26.so
7f5a8271b000-7f5a8271c000 rw-p 00155000 08:03 792014                     /lib/x86_64-linux-gnu/libm-2.26.so
7f5a8271c000-7f5a83731000 r-xp 00000000 08:03 933890                     /usr/lib/jvm/java-9-oracle/lib/server/libjvm.so
7f5a83731000-7f5a83930000 ---p 01015000 08:03 933890                     /usr/lib/jvm/java-9-oracle/lib/server/libjvm.so
7f5a83930000-7f5a83a01000 r--p 01014000 08:03 933890                     /usr/lib/jvm/java-9-oracle/lib/server/libjvm.so
7f5a83a01000-7f5a83a38000 rw-p 010e5000 08:03 933890                     /usr/lib/jvm/java-9-oracle/lib/server/libjvm.so
7f5a83a38000-7f5a83aa1000 rw-p 00000000 00:00 0 
7f5a83aa1000-7f5a83c77000 r-xp 00000000 08:03 791943                     /lib/x86_64-linux-gnu/libc-2.26.so
7f5a83c77000-7f5a83e77000 ---p 001d6000 08:03 791943                     /lib/x86_64-linux-gnu/libc-2.26.so
7f5a83e77000-7f5a83e7b000 r--p 001d6000 08:03 791943                     /lib/x86_64-linux-gnu/libc-2.26.so
7f5a83e7b000-7f5a83e7d000 rw-p 001da000 08:03 791943                     /lib/x86_64-linux-gnu/libc-2.26.so
7f5a83e7d000-7f5a83e81000 rw-p 00000000 00:00 0 
7f5a83e81000-7f5a83e84000 r-xp 00000000 08:03 791959                     /lib/x86_64-linux-gnu/libdl-2.26.so
7f5a83e84000-7f5a84083000 ---p 00003000 08:03 791959                     /lib/x86_64-linux-gnu/libdl-2.26.so
7f5a84083000-7f5a84084000 r--p 00002000 08:03 791959                     /lib/x86_64-linux-gnu/libdl-2.26.so
7f5a84084000-7f5a84085000 rw-p 00003000 08:03 791959                     /lib/x86_64-linux-gnu/libdl-2.26.so
7f5a84085000-7f5a84093000 r-xp 00000000 08:03 933892                     /usr/lib/jvm/java-9-oracle/lib/jli/libjli.so
7f5a84093000-7f5a84293000 ---p 0000e000 08:03 933892                     /usr/lib/jvm/java-9-oracle/lib/jli/libjli.so
7f5a84293000-7f5a84294000 rw-p 0000e000 08:03 933892                     /usr/lib/jvm/java-9-oracle/lib/jli/libjli.so
7f5a84294000-7f5a842ae000 r-xp 00000000 08:03 792097                     /lib/x86_64-linux-gnu/libpthread-2.26.so
7f5a842ae000-7f5a844ad000 ---p 0001a000 08:03 792097                     /lib/x86_64-linux-gnu/libpthread-2.26.so
7f5a844ad000-7f5a844ae000 r--p 00019000 08:03 792097                     /lib/x86_64-linux-gnu/libpthread-2.26.so
7f5a844ae000-7f5a844af000 rw-p 0001a000 08:03 792097                     /lib/x86_64-linux-gnu/libpthread-2.26.so
7f5a844af000-7f5a844b3000 rw-p 00000000 00:00 0 
7f5a844b3000-7f5a844cf000 r-xp 00000000 08:03 792077                     /lib/x86_64-linux-gnu/libz.so.1.2.11
7f5a844cf000-7f5a846ce000 ---p 0001c000 08:03 792077                     /lib/x86_64-linux-gnu/libz.so.1.2.11
7f5a846ce000-7f5a846cf000 r--p 0001b000 08:03 792077                     /lib/x86_64-linux-gnu/libz.so.1.2.11
7f5a846cf000-7f5a846d0000 rw-p 0001c000 08:03 792077                     /lib/x86_64-linux-gnu/libz.so.1.2.11
7f5a846d0000-7f5a846f7000 r-xp 00000000 08:03 791917                     /lib/x86_64-linux-gnu/ld-2.26.so
7f5a8477d000-7f5a847dc000 rw-p 00000000 00:00 0 
7f5a847dc000-7f5a847dd000 ---p 00000000 00:00 0 
7f5a847dd000-7f5a847e1000 ---p 00000000 00:00 0 
7f5a847e1000-7f5a848e6000 rw-p 00000000 00:00 0 
7f5a848e6000-7f5a848ed000 ---p 00000000 00:00 0 
7f5a848ed000-7f5a848f5000 rw-s 00000000 08:03 539898                     /tmp/hsperfdata_sophie/15322
7f5a848f5000-7f5a848f6000 rw-p 00000000 00:00 0 
7f5a848f6000-7f5a848f7000 r--p 00000000 00:00 0 
7f5a848f7000-7f5a848f8000 r--p 00027000 08:03 791917                     /lib/x86_64-linux-gnu/ld-2.26.so
7f5a848f8000-7f5a848f9000 rw-p 00028000 08:03 791917                     /lib/x86_64-linux-gnu/ld-2.26.so
7f5a848f9000-7f5a848fa000 rw-p 00000000 00:00 0 
7fff77c58000-7fff77c7a000 rw-p 00000000 00:00 0                          [stack]
7fff77d99000-7fff77d9c000 r--p 00000000 00:00 0                          [vvar]
7fff77d9c000-7fff77d9e000 r-xp 00000000 00:00 0                          [vdso]
ffffffffff600000-ffffffffff601000 r-xp 00000000 00:00 0                  [vsyscall]

VM Arguments:
jvm_args: -ea -Dfile.encoding=UTF-8 
java_command: org.eclipse.jdt.internal.junit.runner.RemoteTestRunner -version 3 -port 40827 -testLoaderClass org.eclipse.jdt.internal.junit5.runner.JUnit5TestLoader -loaderpluginname org.eclipse.jdt.junit5.runtime -classNames ch.epfl.gameboj.component.cpu.CpuTest1
java_class_path (initial): /home/sophie/workspace/gameboj/bin:/usr/lib/eclipse/plugins/org.junit.jupiter.api_5.0.0.v20170910-2246.jar:/usr/lib/eclipse/plugins/org.junit.jupiter.engine_5.0.0.v20170910-2246.jar:/usr/lib/eclipse/plugins/org.junit.jupiter.migrationsupport_5.0.0.v20170910-2246.jar:/usr/lib/eclipse/plugins/org.junit.jupiter.params_5.0.0.v20170910-2246.jar:/usr/lib/eclipse/plugins/org.junit.platform.commons_1.0.0.v20170910-2246.jar:/usr/lib/eclipse/plugins/org.junit.platform.engine_1.0.0.v20170910-2246.jar:/usr/lib/eclipse/plugins/org.junit.platform.launcher_1.0.0.v20170910-2246.jar:/usr/lib/eclipse/plugins/org.junit.platform.runner_1.0.0.v20170910-2246.jar:/usr/lib/eclipse/plugins/org.junit.platform.suite.api_1.0.0.v20170910-2246.jar:/usr/lib/eclipse/plugins/org.junit.vintage.engine_4.12.0.v20170910-2246.jar:/usr/lib/eclipse/plugins/org.opentest4j_1.0.0.v20170910-2246.jar:/usr/lib/eclipse/plugins/org.apiguardian_1.0.0.v20170910-2246.jar:/usr/lib/eclipse/plugins/org.junit_4.12.0.v201504281640/junit.jar:/usr/lib/eclipse/plugins/org.hamcrest.core_1.3.0.v201303031735.jar:/usr/lib/eclipse/configuration/org.eclipse.osgi/226/0/.cp:/usr/lib/eclipse/configuration/org.eclipse.osgi/224/0/.cp
Launcher Type: SUN_STANDARD

Logging:
Log output configuration:
#0: stdout all=warning uptime,level,tags
#1: stderr all=off uptime,level,tags

Environment Variables:
JAVA_HOME=/usr/lib/jvm/java-9-oracle
PATH=/usr/local/sbin:/usr/local/bin:/usr/sbin:/usr/bin:/sbin:/bin:/usr/games:/usr/local/games:/snap/bin:/usr/lib/jvm/java-9-oracle/bin:/usr/lib/jvm/java-9-oracle/db/bin
USERNAME=sophie
SHELL=/bin/bash
DISPLAY=:0

Signal Handlers:
SIGSEGV: [libjvm.so+0xd4d370], sa_mask[0]=11111111011111111101111111111110, sa_flags=SA_RESTART|SA_SIGINFO
SIGBUS: [libjvm.so+0xd4d370], sa_mask[0]=11111111011111111101111111111110, sa_flags=SA_RESTART|SA_SIGINFO
SIGFPE: [libjvm.so+0xd4d370], sa_mask[0]=11111111011111111101111111111110, sa_flags=SA_RESTART|SA_SIGINFO
SIGPIPE: [libjvm.so+0xb64780], sa_mask[0]=11111111011111111101111111111110, sa_flags=SA_RESTART|SA_SIGINFO
SIGXFSZ: [libjvm.so+0xb64780], sa_mask[0]=11111111011111111101111111111110, sa_flags=SA_RESTART|SA_SIGINFO
SIGILL: [libjvm.so+0xd4d370], sa_mask[0]=11111111011111111101111111111110, sa_flags=SA_RESTART|SA_SIGINFO
SIGUSR2: [libjvm.so+0xb64640], sa_mask[0]=00100000000000000000000000000000, sa_flags=SA_RESTART|SA_SIGINFO
SIGHUP: SIG_DFL, sa_mask[0]=00000000000000000000000000000000, sa_flags=none
SIGINT: SIG_DFL, sa_mask[0]=00000000000000000000000000000000, sa_flags=none
SIGTERM: SIG_DFL, sa_mask[0]=00000000000000000000000000000000, sa_flags=none
SIGQUIT: SIG_DFL, sa_mask[0]=00000000000000000000000000000000, sa_flags=none


---------------  S Y S T E M  ---------------

OS:DISTRIB_ID=Ubuntu
DISTRIB_RELEASE=17.10
DISTRIB_CODENAME=artful
DISTRIB_DESCRIPTION="Ubuntu 17.10"
uname:Linux 4.13.0-36-generic #40-Ubuntu SMP Fri Feb 16 20:07:48 UTC 2018 x86_64
libc:glibc 2.26 NPTL 2.26 
rlimit: STACK 8192k, CORE 0k, NPROC 14324, NOFILE 4096, AS infinity
load average:1.46 1.13 0.79

/proc/meminfo:
MemTotal:        3979248 kB
MemFree:          113972 kB
MemAvailable:      27452 kB
Buffers:            2976 kB
Cached:           202204 kB
SwapCached:          844 kB
Active:          3043728 kB
Inactive:         623676 kB
Active(anon):    3020288 kB
Inactive(anon):   603552 kB
Active(file):      23440 kB
Inactive(file):    20124 kB
Unevictable:          48 kB
Mlocked:              48 kB
SwapTotal:       1410200 kB
SwapFree:              4 kB
Dirty:                36 kB
Writeback:             0 kB
AnonPages:       3461968 kB
Mapped:            99848 kB
Shmem:            161292 kB
Slab:              77988 kB
SReclaimable:      30184 kB
SUnreclaim:        47804 kB
KernelStack:       12712 kB
PageTables:        60668 kB
NFS_Unstable:          0 kB
Bounce:                0 kB
WritebackTmp:          0 kB
CommitLimit:     3399824 kB
Committed_AS:    8621880 kB
VmallocTotal:   34359738367 kB
VmallocUsed:           0 kB
VmallocChunk:          0 kB
HardwareCorrupted:     0 kB
AnonHugePages:         0 kB
ShmemHugePages:        0 kB
ShmemPmdMapped:        0 kB
CmaTotal:              0 kB
CmaFree:               0 kB
HugePages_Total:       0
HugePages_Free:        0
HugePages_Rsvd:        0
HugePages_Surp:        0
Hugepagesize:       2048 kB
DirectMap4k:      139932 kB
DirectMap2M:     3993600 kB
DirectMap1G:           0 kB


CPU:total 4 (initial active 4) (2 cores per cpu, 2 threads per core) family 6 model 69 stepping 1, cmov, cx8, fxsr, mmx, sse, sse2, sse3, ssse3, sse4.1, sse4.2, popcnt, avx, avx2, aes, clmul, erms, lzcnt, ht, tsc, tscinvbit, bmi1, bmi2, fma
CPU Model and flags from /proc/cpuinfo:
model name	: Intel(R) Core(TM) i5-4250U CPU @ 1.30GHz
flags		: fpu vme de pse tsc msr pae mce cx8 apic sep mtrr pge mca cmov pat pse36 clflush dts acpi mmx fxsr sse sse2 ss ht tm pbe syscall nx pdpe1gb rdtscp lm constant_tsc arch_perfmon pebs bts rep_good nopl xtopology nonstop_tsc cpuid aperfmperf pni pclmulqdq dtes64 monitor ds_cpl vmx est tm2 ssse3 sdbg fma cx16 xtpr pdcm pcid sse4_1 sse4_2 x2apic movbe popcnt tsc_deadline_timer aes xsave avx f16c rdrand lahf_lm abm cpuid_fault epb invpcid_single pti retpoline tpr_shadow vnmi flexpriority ept vpid fsgsbase tsc_adjust bmi1 avx2 smep bmi2 erms invpcid xsaveopt dtherm ida arat pln pts

Memory: 4k page, physical 3979248k(113972k free), swap 1410200k(4k free)

vm_info: Java HotSpot(TM) 64-Bit Server VM (9.0.4+11) for linux-amd64 JRE (9.0.4+11), built on Dec 19 2017 18:12:19 by "mach5one" with gcc 4.9.2

END.
